
****** PlanAhead v14.7
  **** Build 321239 by xbuild on Fri Sep 27 19:31:35 MDT 2013
    ** Copyright 1986-1999, 2001-2013 Xilinx, Inc. All Rights Reserved.

INFO: [Common 17-78] Attempting to get a license: PlanAhead
INFO: [Common 17-290] Got license for PlanAhead
INFO: [Device 21-36] Loading parts and site information from D:/XilinxNotVM/14.7/ISE_DS/PlanAhead/data/parts/arch.xml
Parsing RTL primitives file [D:/XilinxNotVM/14.7/ISE_DS/PlanAhead/data/parts/xilinx/rtl/prims/rtl_prims.xml]
Finished parsing RTL primitives file [D:/XilinxNotVM/14.7/ISE_DS/PlanAhead/data/parts/xilinx/rtl/prims/rtl_prims.xml]
start_gui
source D:/XilinxNotVM/Project/lab6/pa.fromHdl.tcl
# create_project -name lab6 -dir "D:/XilinxNotVM/Project/lab6/planAhead_run_2" -part xc6slx9tqg144-3
# set_param project.pinAheadLayout yes
# set srcset [get_property srcset [current_run -impl]]
# set_property target_constrs_file "lab6.ucf" [current_fileset -constrset]
Adding file 'D:/XilinxNotVM/Project/lab6/lab6.ucf' to fileset 'constrs_1'
# set hdlfile [add_files [list {lab6.vhf}]]
# set_property file_type VHDL $hdlfile
# set_property library work $hdlfile
# set_property top lab6 $srcset
# add_files [list {lab6.ucf}] -fileset [get_property constrset [current_run]]
# open_rtl_design -part xc6slx9tqg144-3
Using Verific elaboration
Parsing VHDL file "D:/XilinxNotVM/14.7/ISE_DS/PlanAhead/data/parts/xilinx/rtl/lib/synplify/synattr.vhd" into library synplify
Parsing VHDL file "D:/XilinxNotVM/14.7/ISE_DS/PlanAhead/data/parts/xilinx/rtl/lib/synplify/synattr.vhd" into library synplify
Parsing VHDL file "D:/XilinxNotVM/Project/lab6/lab6.vhf" into library work
Loading clock regions from D:/XilinxNotVM/14.7/ISE_DS/PlanAhead/data\parts/xilinx/spartan6/spartan6lx/xc6slx9/ClockRegion.xml
Loading clock buffers from D:/XilinxNotVM/14.7/ISE_DS/PlanAhead/data\parts/xilinx/spartan6/spartan6lx/xc6slx9/ClockBuffers.xml
Loading package pin functions from D:/XilinxNotVM/14.7/ISE_DS/PlanAhead/data\parts/xilinx/spartan6/PinFunctions.xml...
Loading package from D:/XilinxNotVM/14.7/ISE_DS/PlanAhead/data\parts/xilinx/spartan6/spartan6lx/xc6slx9/tqg144/Package.xml
Loading io standards from D:/XilinxNotVM/14.7/ISE_DS/PlanAhead/data\./parts/xilinx/spartan6/IOStandards.xml
Loading device configuration modes from D:/XilinxNotVM/14.7/ISE_DS/PlanAhead/data\parts/xilinx/spartan6/ConfigModes.xml
Loading list of drcs for the architecture : D:/XilinxNotVM/14.7/ISE_DS/PlanAhead/data\./parts/xilinx/spartan6/drc.xml
Parsing UCF File [D:/XilinxNotVM/Project/lab6/lab6.ucf]
Finished Parsing UCF File [D:/XilinxNotVM/Project/lab6/lab6.ucf]
INFO: [Project 1-111] Unisim Transformation Summary:
No Unisim elements were transformed.

Phase 0 | Netlist Checksum: e3934a8f
open_rtl_design: Time (s): elapsed = 00:00:11 . Memory (MB): peak = 554.586 ; gain = 98.953
update_compile_order -fileset sim_1
exit
ERROR: [Common 17-39] 'stop_gui' failed due to earlier errors.
INFO: [Common 17-206] Exiting PlanAhead at Tue Oct 30 17:48:12 2018...
INFO: [Common 17-83] Releasing license: PlanAhead
