#-----------------------------------------------------------
# PlanAhead v14.7
# Build 321239 by xbuild on Fri Sep 27 19:31:35 MDT 2013
# Start of session at: Fri Oct 12 02:00:02 2018
# Process ID: 15756
# Log file: D:/XilinxNotVM/Project/lab5/planAhead_run_1/planAhead.log
# Journal file: D:/XilinxNotVM/Project/lab5/planAhead_run_1/planAhead.jou
#-----------------------------------------------------------
INFO: [Common 17-78] Attempting to get a license: PlanAhead
INFO: [Common 17-290] Got license for PlanAhead
INFO: [Device 21-36] Loading parts and site information from D:/XilinxNotVM/14.7/ISE_DS/PlanAhead/data/parts/arch.xml
Parsing RTL primitives file [D:/XilinxNotVM/14.7/ISE_DS/PlanAhead/data/parts/xilinx/rtl/prims/rtl_prims.xml]
Finished parsing RTL primitives file [D:/XilinxNotVM/14.7/ISE_DS/PlanAhead/data/parts/xilinx/rtl/prims/rtl_prims.xml]
start_gui
source D:/XilinxNotVM/Project/lab5/pa.fromHdl.tcl
# create_project -name lab5 -dir "D:/XilinxNotVM/Project/lab5/planAhead_run_1" -part xc6slx9tqg144-3
# set_param project.pinAheadLayout yes
# set srcset [get_property srcset [current_run -impl]]
# set_property target_constrs_file "lab5sch.ucf" [current_fileset -constrset]
Adding file 'D:/XilinxNotVM/Project/lab5/lab5sch.ucf' to fileset 'constrs_1'
# set hdlfile [add_files [list {lab5sch.vhf}]]
# set_property file_type VHDL $hdlfile
# set_property library work $hdlfile
# set_property top lab5sch $srcset
# add_files [list {lab5sch.ucf}] -fileset [get_property constrset [current_run]]
# open_rtl_design -part xc6slx9tqg144-3
Using Verific elaboration
Parsing VHDL file "D:/XilinxNotVM/14.7/ISE_DS/PlanAhead/data/parts/xilinx/rtl/lib/synplify/synattr.vhd" into library synplify
Parsing VHDL file "D:/XilinxNotVM/14.7/ISE_DS/PlanAhead/data/parts/xilinx/rtl/lib/synplify/synattr.vhd" into library synplify
Parsing VHDL file "D:/XilinxNotVM/Project/lab5/lab5sch.vhf" into library work
Loading clock regions from D:/XilinxNotVM/14.7/ISE_DS/PlanAhead/data\parts/xilinx/spartan6/spartan6lx/xc6slx9/ClockRegion.xml
Loading clock buffers from D:/XilinxNotVM/14.7/ISE_DS/PlanAhead/data\parts/xilinx/spartan6/spartan6lx/xc6slx9/ClockBuffers.xml
Loading package pin functions from D:/XilinxNotVM/14.7/ISE_DS/PlanAhead/data\parts/xilinx/spartan6/PinFunctions.xml...
Loading package from D:/XilinxNotVM/14.7/ISE_DS/PlanAhead/data\parts/xilinx/spartan6/spartan6lx/xc6slx9/tqg144/Package.xml
Loading io standards from D:/XilinxNotVM/14.7/ISE_DS/PlanAhead/data\./parts/xilinx/spartan6/IOStandards.xml
Loading device configuration modes from D:/XilinxNotVM/14.7/ISE_DS/PlanAhead/data\parts/xilinx/spartan6/ConfigModes.xml
Loading list of drcs for the architecture : D:/XilinxNotVM/14.7/ISE_DS/PlanAhead/data\./parts/xilinx/spartan6/drc.xml
Parsing UCF File [D:/XilinxNotVM/Project/lab5/lab5sch.ucf]
Finished Parsing UCF File [D:/XilinxNotVM/Project/lab5/lab5sch.ucf]
INFO: [Project 1-111] Unisim Transformation Summary:
No Unisim elements were transformed.

Phase 0 | Netlist Checksum: dfa19853
open_rtl_design: Time (s): elapsed = 00:00:06 . Memory (MB): peak = 559.664 ; gain = 102.801
update_compile_order -fileset sim_1
startgroup
set_property package_pin P41 [get_ports aP41]
endgroup
startgroup
set_property package_pin P59 [get_ports ASW3P59]
endgroup
startgroup
set_property package_pin P40 [get_ports bP40]
endgroup
startgroup
set_property package_pin P61 [get_ports BSW2P61]
endgroup
startgroup
set_property package_pin P35 [get_ports cP35]
endgroup
startgroup
set_property package_pin P62 [get_ports CSW1P62]
endgroup
startgroup
set_property package_pin P34 [get_ports dP34]
endgroup
startgroup
set_property package_pin P66 [get_ports DSW0P66]
endgroup
startgroup
set_property package_pin P32 [get_ports eP32]
endgroup
startgroup
set_property package_pin P29 [get_ports fP29]
endgroup
startgroup
set_property package_pin P27 [get_ports gP27]
endgroup
save_constraints
exit
ERROR: [PlanAhead 12-106] *** Exception: ui.h.b: Found deleted key in HTclEventBroker. Verify if the classes listed here call cleanup()
HTclEvent: DEBUG_PORT_CONFIG_CHANGE   Classes: ui.views.aR 
HTclEvent: DEBUG_CORE_CONFIG_CHANGE   Classes: ui.views.aR 
HTclEvent: SIGNAL_MODIFY   Classes: ui.views.aR 
HTclEvent: SIGNAL_BUS_MODIFY   Classes: ui.views.aR 
 (See D:/XilinxNotVM/Project/lab5\planAhead_pid15756.debug)
ERROR: [Common 17-39] 'stop_gui' failed due to earlier errors.
INFO: [Common 17-206] Exiting PlanAhead at Fri Oct 12 02:27:37 2018...
INFO: [Common 17-83] Releasing license: PlanAhead
